# JRE version: Java(TM) SE Runtime Environment (8.0_241-b07) (build 1.8.0_241-b07)
# Java VM: Java HotSpot(TM) 64-Bit Server VM (25.241-b07 mixed mode windows-amd64 compressed oops)
Heap:
 PSYoungGen      total 33792K, used 4962K [0x00000000f6180000, 0x00000000fae80000, 0x0000000100000000)
  eden space 32768K, 12% used [0x00000000f6180000,0x00000000f655c8a8,0x00000000f8180000)
  from space 1024K, 98% used [0x00000000f8180000,0x00000000f827c010,0x00000000f8280000)
  to   space 6656K, 0% used [0x00000000fa800000,0x00000000fa800000,0x00000000fae80000)
 ParOldGen       total 37376K, used 29053K [0x00000000e2400000, 0x00000000e4880000, 0x00000000f6180000)
  object space 37376K, 77% used [0x00000000e2400000,0x00000000e405f5a0,0x00000000e4880000)
 Metaspace       used 18522K, capacity 19338K, committed 19584K, reserved 1067008K
  class space    used 2430K, capacity 2661K, committed 2688K, reserved 1048576K
GC Heap History (10 events):
Event: 0.751 GC heap before
{Heap before GC invocations=1 (full 0):
 PSYoungGen      total 9216K, used 8192K [0x00000000f6180000, 0x00000000f6b80000, 0x0000000100000000)
  eden space 8192K, 100% used [0x00000000f6180000,0x00000000f6980000,0x00000000f6980000)
  from space 1024K, 0% used [0x00000000f6a80000,0x00000000f6a80000,0x00000000f6b80000)
  to   space 1024K, 0% used [0x00000000f6980000,0x00000000f6980000,0x00000000f6a80000)
 ParOldGen       total 20480K, used 0K [0x00000000e2400000, 0x00000000e3800000, 0x00000000f6180000)
  object space 20480K, 0% used [0x00000000e2400000,0x00000000e2400000,0x00000000e3800000)
 Metaspace       used 5115K, capacity 5382K, committed 5504K, reserved 1056768K
  class space    used 586K, capacity 627K, committed 640K, reserved 1048576K
Event: 0.768 GC heap after
Heap after GC invocations=1 (full 0):
 PSYoungGen      total 9216K, used 1008K [0x00000000f6180000, 0x00000000f7380000, 0x0000000100000000)
  eden space 8192K, 0% used [0x00000000f6180000,0x00000000f6180000,0x00000000f6980000)
  from space 1024K, 98% used [0x00000000f6980000,0x00000000f6a7c010,0x00000000f6a80000)
  to   space 1024K, 0% used [0x00000000f7280000,0x00000000f7280000,0x00000000f7380000)
 ParOldGen       total 20480K, used 794K [0x00000000e2400000, 0x00000000e3800000, 0x00000000f6180000)
  object space 20480K, 3% used [0x00000000e2400000,0x00000000e24c6b48,0x00000000e3800000)
 Metaspace       used 5115K, capacity 5382K, committed 5504K, reserved 1056768K
  class space    used 586K, capacity 627K, committed 640K, reserved 1048576K
}
Event: 1.011 GC heap before
{Heap before GC invocations=2 (full 0):
 PSYoungGen      total 9216K, used 9200K [0x00000000f6180000, 0x00000000f7380000, 0x0000000100000000)
  eden space 8192K, 100% used [0x00000000f6180000,0x00000000f6980000,0x00000000f6980000)
  from space 1024K, 98% used [0x00000000f6980000,0x00000000f6a7c010,0x00000000f6a80000)
  to   space 1024K, 0% used [0x00000000f7280000,0x00000000f7280000,0x00000000f7380000)
 ParOldGen       total 20480K, used 794K [0x00000000e2400000, 0x00000000e3800000, 0x00000000f6180000)
  object space 20480K, 3% used [0x00000000e2400000,0x00000000e24c6b48,0x00000000e3800000)
 Metaspace       used 6544K, capacity 6682K, committed 6784K, reserved 1056768K
  class space    used 808K, capacity 891K, committed 896K, reserved 1048576K
Event: 1.017 GC heap after
Heap after GC invocations=2 (full 0):
 PSYoungGen      total 17408K, used 1008K [0x00000000f6180000, 0x00000000f7380000, 0x0000000100000000)
  eden space 16384K, 0% used [0x00000000f6180000,0x00000000f6180000,0x00000000f7180000)
  from space 1024K, 98% used [0x00000000f7280000,0x00000000f737c010,0x00000000f7380000)
  to   space 1024K, 0% used [0x00000000f7180000,0x00000000f7180000,0x00000000f7280000)
 ParOldGen       total 20480K, used 1801K [0x00000000e2400000, 0x00000000e3800000, 0x00000000f6180000)
  object space 20480K, 8% used [0x00000000e2400000,0x00000000e25c2620,0x00000000e3800000)
 Metaspace       used 6544K, capacity 6682K, committed 6784K, reserved 1056768K
  class space    used 808K, capacity 891K, committed 896K, reserved 1048576K
}
Event: 3.300 GC heap before
{Heap before GC invocations=3 (full 0):
 PSYoungGen      total 17408K, used 17392K [0x00000000f6180000, 0x00000000f7380000, 0x0000000100000000)
  eden space 16384K, 100% used [0x00000000f6180000,0x00000000f7180000,0x00000000f7180000)
  from space 1024K, 98% used [0x00000000f7280000,0x00000000f737c010,0x00000000f7380000)
  to   space 1024K, 0% used [0x00000000f7180000,0x00000000f7180000,0x00000000f7280000)
 ParOldGen       total 20480K, used 1801K [0x00000000e2400000, 0x00000000e3800000, 0x00000000f6180000)
  object space 20480K, 8% used [0x00000000e2400000,0x00000000e25c2620,0x00000000e3800000)
 Metaspace       used 10548K, capacity 10830K, committed 10880K, reserved 1058816K
  class space    used 1289K, capacity 1391K, committed 1408K, reserved 1048576K
Event: 3.310 GC heap after
Heap after GC invocations=3 (full 0):
 PSYoungGen      total 17408K, used 1008K [0x00000000f6180000, 0x00000000f8380000, 0x0000000100000000)
  eden space 16384K, 0% used [0x00000000f6180000,0x00000000f6180000,0x00000000f7180000)
  from space 1024K, 98% used [0x00000000f7180000,0x00000000f727c010,0x00000000f7280000)
  to   space 1024K, 0% used [0x00000000f8280000,0x00000000f8280000,0x00000000f8380000)
 ParOldGen       total 20480K, used 4576K [0x00000000e2400000, 0x00000000e3800000, 0x00000000f6180000)
  object space 20480K, 22% used [0x00000000e2400000,0x00000000e2878098,0x00000000e3800000)
 Metaspace       used 10548K, capacity 10830K, committed 10880K, reserved 1058816K
  class space    used 1289K, capacity 1391K, committed 1408K, reserved 1048576K
}
Event: 5.199 GC heap before
{Heap before GC invocations=4 (full 0):
 PSYoungGen      total 17408K, used 17392K [0x00000000f6180000, 0x00000000f8380000, 0x0000000100000000)
  eden space 16384K, 100% used [0x00000000f6180000,0x00000000f7180000,0x00000000f7180000)
  from space 1024K, 98% used [0x00000000f7180000,0x00000000f727c010,0x00000000f7280000)
  to   space 1024K, 0% used [0x00000000f8280000,0x00000000f8280000,0x00000000f8380000)
 ParOldGen       total 20480K, used 4576K [0x00000000e2400000, 0x00000000e3800000, 0x00000000f6180000)
  object space 20480K, 22% used [0x00000000e2400000,0x00000000e2878098,0x00000000e3800000)
 Metaspace       used 14084K, capacity 14786K, committed 15104K, reserved 1062912K
  class space    used 1801K, capacity 1979K, committed 2048K, reserved 1048576K
Event: 5.209 GC heap after
Heap after GC invocations=4 (full 0):
 PSYoungGen      total 33792K, used 992K [0x00000000f6180000, 0x00000000f8380000, 0x0000000100000000)
  eden space 32768K, 0% used [0x00000000f6180000,0x00000000f6180000,0x00000000f8180000)
  from space 1024K, 96% used [0x00000000f8280000,0x00000000f8378010,0x00000000f8380000)
  to   space 1024K, 0% used [0x00000000f8180000,0x00000000f8180000,0x00000000f8280000)
 ParOldGen       total 20480K, used 7435K [0x00000000e2400000, 0x00000000e3800000, 0x00000000f6180000)
  object space 20480K, 36% used [0x00000000e2400000,0x00000000e2b42f28,0x00000000e3800000)
 Metaspace       used 14084K, capacity 14786K, committed 15104K, reserved 1062912K
  class space    used 1801K, capacity 1979K, committed 2048K, reserved 1048576K
}
Event: 71.686 GC heap before
{Heap before GC invocations=5 (full 0):
 PSYoungGen      total 33792K, used 33760K [0x00000000f6180000, 0x00000000f8380000, 0x0000000100000000)
  eden space 32768K, 100% used [0x00000000f6180000,0x00000000f8180000,0x00000000f8180000)
  from space 1024K, 96% used [0x00000000f8280000,0x00000000f8378010,0x00000000f8380000)
  to   space 1024K, 0% used [0x00000000f8180000,0x00000000f8180000,0x00000000f8280000)
 ParOldGen       total 37376K, used 23819K [0x00000000e2400000, 0x00000000e4880000, 0x00000000f6180000)
  object space 37376K, 63% used [0x00000000e2400000,0x00000000e3b42f38,0x00000000e4880000)
 Metaspace       used 18449K, capacity 19242K, committed 19584K, reserved 1067008K
  class space    used 2423K, capacity 2629K, committed 2688K, reserved 1048576K
Event: 71.709 GC heap after
Heap after GC invocations=5 (full 0):
 PSYoungGen      total 33792K, used 1008K [0x00000000f6180000, 0x00000000fae80000, 0x0000000100000000)
  eden space 32768K, 0% used [0x00000000f6180000,0x00000000f6180000,0x00000000f8180000)
  from space 1024K, 98% used [0x00000000f8180000,0x00000000f827c010,0x00000000f8280000)
  to   space 6656K, 0% used [0x00000000fa800000,0x00000000fa800000,0x00000000fae80000)
 ParOldGen       total 37376K, used 29053K [0x00000000e2400000, 0x00000000e4880000, 0x00000000f6180000)
  object space 37376K, 77% used [0x00000000e2400000,0x00000000e405f5a0,0x00000000e4880000)
 Metaspace       used 18449K, capacity 19242K, committed 19584K, reserved 1067008K
  class space    used 2423K, capacity 2629K, committed 2688K, reserved 1048576K
}

