# JRE version: Java(TM) SE Runtime Environment (8.0_241-b07) (build 1.8.0_241-b07)
# Java VM: Java HotSpot(TM) 64-Bit Server VM (25.241-b07 mixed mode windows-amd64 compressed oops)
Heap:
 PSYoungGen      total 11776K, used 2948K [0x00000000f6180000, 0x00000000f7580000, 0x0000000100000000)
  eden space 8192K, 35% used [0x00000000f6180000,0x00000000f64610b0,0x00000000f6980000)
  from space 3584K, 0% used [0x00000000f6980000,0x00000000f6980000,0x00000000f6d00000)
  to   space 3584K, 0% used [0x00000000f7200000,0x00000000f7200000,0x00000000f7580000)
 ParOldGen       total 22528K, used 21214K [0x00000000e2400000, 0x00000000e3a00000, 0x00000000f6180000)
  object space 22528K, 94% used [0x00000000e2400000,0x00000000e38b7a60,0x00000000e3a00000)
 Metaspace       used 17365K, capacity 18158K, committed 18432K, reserved 1064960K
  class space    used 2295K, capacity 2483K, committed 2560K, reserved 1048576K
GC Heap History (10 events):
Event: 102.827 GC heap before
{Heap before GC invocations=9 (full 0):
 PSYoungGen      total 9728K, used 2522K [0x00000000f6180000, 0x00000000f6f80000, 0x0000000100000000)
  eden space 8192K, 12% used [0x00000000f6180000,0x00000000f627a7b0,0x00000000f6980000)
  from space 1536K, 98% used [0x00000000f6e00000,0x00000000f6f7c148,0x00000000f6f80000)
  to   space 3072K, 0% used [0x00000000f6980000,0x00000000f6980000,0x00000000f6c80000)
 ParOldGen       total 20480K, used 7809K [0x00000000e2400000, 0x00000000e3800000, 0x00000000f6180000)
  object space 20480K, 38% used [0x00000000e2400000,0x00000000e2ba05d0,0x00000000e3800000)
 Metaspace       used 17165K, capacity 17918K, committed 18176K, reserved 1064960K
  class space    used 2246K, capacity 2443K, committed 2560K, reserved 1048576K
Event: 102.832 GC heap after
Heap after GC invocations=9 (full 0):
 PSYoungGen      total 11264K, used 800K [0x00000000f6180000, 0x00000000f7080000, 0x0000000100000000)
  eden space 8192K, 0% used [0x00000000f6180000,0x00000000f6180000,0x00000000f6980000)
  from space 3072K, 26% used [0x00000000f6980000,0x00000000f6a48000,0x00000000f6c80000)
  to   space 3584K, 0% used [0x00000000f6d00000,0x00000000f6d00000,0x00000000f7080000)
 ParOldGen       total 20480K, used 8481K [0x00000000e2400000, 0x00000000e3800000, 0x00000000f6180000)
  object space 20480K, 41% used [0x00000000e2400000,0x00000000e2c48620,0x00000000e3800000)
 Metaspace       used 17165K, capacity 17918K, committed 18176K, reserved 1064960K
  class space    used 2246K, capacity 2443K, committed 2560K, reserved 1048576K
}
Event: 102.832 GC heap before
{Heap before GC invocations=10 (full 0):
 PSYoungGen      total 11264K, used 800K [0x00000000f6180000, 0x00000000f7080000, 0x0000000100000000)
  eden space 8192K, 0% used [0x00000000f6180000,0x00000000f6180000,0x00000000f6980000)
  from space 3072K, 26% used [0x00000000f6980000,0x00000000f6a48000,0x00000000f6c80000)
  to   space 3584K, 0% used [0x00000000f6d00000,0x00000000f6d00000,0x00000000f7080000)
 ParOldGen       total 20480K, used 8481K [0x00000000e2400000, 0x00000000e3800000, 0x00000000f6180000)
  object space 20480K, 41% used [0x00000000e2400000,0x00000000e2c48620,0x00000000e3800000)
 Metaspace       used 17165K, capacity 17918K, committed 18176K, reserved 1064960K
  class space    used 2246K, capacity 2443K, committed 2560K, reserved 1048576K
Event: 102.834 GC heap after
Heap after GC invocations=10 (full 0):
 PSYoungGen      total 11776K, used 416K [0x00000000f6180000, 0x00000000f7580000, 0x0000000100000000)
  eden space 8192K, 0% used [0x00000000f6180000,0x00000000f6180000,0x00000000f6980000)
  from space 3584K, 11% used [0x00000000f6d00000,0x00000000f6d68000,0x00000000f7080000)
  to   space 3584K, 0% used [0x00000000f6980000,0x00000000f6980000,0x00000000f6d00000)
 ParOldGen       total 20480K, used 8905K [0x00000000e2400000, 0x00000000e3800000, 0x00000000f6180000)
  object space 20480K, 43% used [0x00000000e2400000,0x00000000e2cb2640,0x00000000e3800000)
 Metaspace       used 17165K, capacity 17918K, committed 18176K, reserved 1064960K
  class space    used 2246K, capacity 2443K, committed 2560K, reserved 1048576K
}
Event: 102.834 GC heap before
{Heap before GC invocations=11 (full 1):
 PSYoungGen      total 11776K, used 416K [0x00000000f6180000, 0x00000000f7580000, 0x0000000100000000)
  eden space 8192K, 0% used [0x00000000f6180000,0x00000000f6180000,0x00000000f6980000)
  from space 3584K, 11% used [0x00000000f6d00000,0x00000000f6d68000,0x00000000f7080000)
  to   space 3584K, 0% used [0x00000000f6980000,0x00000000f6980000,0x00000000f6d00000)
 ParOldGen       total 20480K, used 8905K [0x00000000e2400000, 0x00000000e3800000, 0x00000000f6180000)
  object space 20480K, 43% used [0x00000000e2400000,0x00000000e2cb2640,0x00000000e3800000)
 Metaspace       used 17165K, capacity 17918K, committed 18176K, reserved 1064960K
  class space    used 2246K, capacity 2443K, committed 2560K, reserved 1048576K
Event: 103.913 GC heap after
Heap after GC invocations=11 (full 1):
 PSYoungGen      total 11776K, used 0K [0x00000000f6180000, 0x00000000f7580000, 0x0000000100000000)
  eden space 8192K, 0% used [0x00000000f6180000,0x00000000f6180000,0x00000000f6980000)
  from space 3584K, 0% used [0x00000000f6d00000,0x00000000f6d00000,0x00000000f7080000)
  to   space 3584K, 0% used [0x00000000f6980000,0x00000000f6980000,0x00000000f6d00000)
 ParOldGen       total 16384K, used 5437K [0x00000000e2400000, 0x00000000e3400000, 0x00000000f6180000)
  object space 16384K, 33% used [0x00000000e2400000,0x00000000e294f468,0x00000000e3400000)
 Metaspace       used 17165K, capacity 17918K, committed 18176K, reserved 1064960K
  class space    used 2246K, capacity 2443K, committed 2560K, reserved 1048576K
}
Event: 103.914 GC heap before
{Heap before GC invocations=12 (full 1):
 PSYoungGen      total 11776K, used 0K [0x00000000f6180000, 0x00000000f7580000, 0x0000000100000000)
  eden space 8192K, 0% used [0x00000000f6180000,0x00000000f6180000,0x00000000f6980000)
  from space 3584K, 0% used [0x00000000f6d00000,0x00000000f6d00000,0x00000000f7080000)
  to   space 3584K, 0% used [0x00000000f6980000,0x00000000f6980000,0x00000000f6d00000)
 ParOldGen       total 16384K, used 5437K [0x00000000e2400000, 0x00000000e3400000, 0x00000000f6180000)
  object space 16384K, 33% used [0x00000000e2400000,0x00000000e294f468,0x00000000e3400000)
 Metaspace       used 17165K, capacity 17918K, committed 18176K, reserved 1064960K
  class space    used 2246K, capacity 2443K, committed 2560K, reserved 1048576K
Event: 103.915 GC heap after
Heap after GC invocations=12 (full 1):
 PSYoungGen      total 11776K, used 0K [0x00000000f6180000, 0x00000000f7580000, 0x0000000100000000)
  eden space 8192K, 0% used [0x00000000f6180000,0x00000000f6180000,0x00000000f6980000)
  from space 3584K, 0% used [0x00000000f6980000,0x00000000f6980000,0x00000000f6d00000)
  to   space 3584K, 0% used [0x00000000f7200000,0x00000000f7200000,0x00000000f7580000)
 ParOldGen       total 16384K, used 5437K [0x00000000e2400000, 0x00000000e3400000, 0x00000000f6180000)
  object space 16384K, 33% used [0x00000000e2400000,0x00000000e294f468,0x00000000e3400000)
 Metaspace       used 17165K, capacity 17918K, committed 18176K, reserved 1064960K
  class space    used 2246K, capacity 2443K, committed 2560K, reserved 1048576K
}
Event: 103.915 GC heap before
{Heap before GC invocations=13 (full 2):
 PSYoungGen      total 11776K, used 0K [0x00000000f6180000, 0x00000000f7580000, 0x0000000100000000)
  eden space 8192K, 0% used [0x00000000f6180000,0x00000000f6180000,0x00000000f6980000)
  from space 3584K, 0% used [0x00000000f6980000,0x00000000f6980000,0x00000000f6d00000)
  to   space 3584K, 0% used [0x00000000f7200000,0x00000000f7200000,0x00000000f7580000)
 ParOldGen       total 16384K, used 5437K [0x00000000e2400000, 0x00000000e3400000, 0x00000000f6180000)
  object space 16384K, 33% used [0x00000000e2400000,0x00000000e294f468,0x00000000e3400000)
 Metaspace       used 17165K, capacity 17918K, committed 18176K, reserved 1064960K
  class space    used 2246K, capacity 2443K, committed 2560K, reserved 1048576K
Event: 103.986 GC heap after
Heap after GC invocations=13 (full 2):
 PSYoungGen      total 11776K, used 0K [0x00000000f6180000, 0x00000000f7580000, 0x0000000100000000)
  eden space 8192K, 0% used [0x00000000f6180000,0x00000000f6180000,0x00000000f6980000)
  from space 3584K, 0% used [0x00000000f6980000,0x00000000f6980000,0x00000000f6d00000)
  to   space 3584K, 0% used [0x00000000f7200000,0x00000000f7200000,0x00000000f7580000)
 ParOldGen       total 22528K, used 4830K [0x00000000e2400000, 0x00000000e3a00000, 0x00000000f6180000)
  object space 22528K, 21% used [0x00000000e2400000,0x00000000e28b7a50,0x00000000e3a00000)
 Metaspace       used 17123K, capacity 17850K, committed 18176K, reserved 1064960K
  class space    used 2237K, capacity 2427K, committed 2560K, reserved 1048576K
}

