# JRE version: Java(TM) SE Runtime Environment (8.0_241-b07) (build 1.8.0_241-b07)
# Java VM: Java HotSpot(TM) 64-Bit Server VM (25.241-b07 mixed mode windows-amd64 compressed oops)
Heap:
 PSYoungGen      total 9728K, used 4934K [0x00000000f6180000, 0x00000000f6f80000, 0x0000000100000000)
  eden space 8192K, 41% used [0x00000000f6180000,0x00000000f64d9550,0x00000000f6980000)
  from space 1536K, 98% used [0x00000000f6e00000,0x00000000f6f78628,0x00000000f6f80000)
  to   space 3072K, 0% used [0x00000000f6980000,0x00000000f6980000,0x00000000f6c80000)
 ParOldGen       total 37376K, used 24140K [0x00000000e2400000, 0x00000000e4880000, 0x00000000f6180000)
  object space 37376K, 64% used [0x00000000e2400000,0x00000000e3b93060,0x00000000e4880000)
 Metaspace       used 17476K, capacity 18278K, committed 18432K, reserved 1064960K
  class space    used 2300K, capacity 2493K, committed 2560K, reserved 1048576K
GC Heap History (10 events):
Event: 68.262 GC heap before
{Heap before GC invocations=4 (full 0):
 PSYoungGen      total 9216K, used 9216K [0x00000000f6180000, 0x00000000f7300000, 0x0000000100000000)
  eden space 8192K, 100% used [0x00000000f6180000,0x00000000f6980000,0x00000000f6980000)
  from space 1024K, 100% used [0x00000000f6980000,0x00000000f6a80000,0x00000000f6a80000)
  to   space 1024K, 0% used [0x00000000f7200000,0x00000000f7200000,0x00000000f7300000)
 ParOldGen       total 20480K, used 3674K [0x00000000e2400000, 0x00000000e3800000, 0x00000000f6180000)
  object space 20480K, 17% used [0x00000000e2400000,0x00000000e2796bc8,0x00000000e3800000)
 Metaspace       used 10334K, capacity 10618K, committed 10880K, reserved 1058816K
  class space    used 1249K, capacity 1357K, committed 1408K, reserved 1048576K
Event: 68.272 GC heap after
Heap after GC invocations=4 (full 0):
 PSYoungGen      total 9216K, used 1024K [0x00000000f6180000, 0x00000000f7300000, 0x0000000100000000)
  eden space 8192K, 0% used [0x00000000f6180000,0x00000000f6180000,0x00000000f6980000)
  from space 1024K, 100% used [0x00000000f7200000,0x00000000f7300000,0x00000000f7300000)
  to   space 1024K, 0% used [0x00000000f6980000,0x00000000f6980000,0x00000000f6a80000)
 ParOldGen       total 20480K, used 4637K [0x00000000e2400000, 0x00000000e3800000, 0x00000000f6180000)
  object space 20480K, 22% used [0x00000000e2400000,0x00000000e2887738,0x00000000e3800000)
 Metaspace       used 10334K, capacity 10618K, committed 10880K, reserved 1058816K
  class space    used 1249K, capacity 1357K, committed 1408K, reserved 1048576K
}
Event: 72.579 GC heap before
{Heap before GC invocations=5 (full 0):
 PSYoungGen      total 9216K, used 9216K [0x00000000f6180000, 0x00000000f7300000, 0x0000000100000000)
  eden space 8192K, 100% used [0x00000000f6180000,0x00000000f6980000,0x00000000f6980000)
  from space 1024K, 100% used [0x00000000f7200000,0x00000000f7300000,0x00000000f7300000)
  to   space 1024K, 0% used [0x00000000f6980000,0x00000000f6980000,0x00000000f6a80000)
 ParOldGen       total 20480K, used 4637K [0x00000000e2400000, 0x00000000e3800000, 0x00000000f6180000)
  object space 20480K, 22% used [0x00000000e2400000,0x00000000e2887738,0x00000000e3800000)
 Metaspace       used 11933K, capacity 12218K, committed 12544K, reserved 1060864K
  class space    used 1449K, capacity 1525K, committed 1536K, reserved 1048576K
Event: 72.620 GC heap after
Heap after GC invocations=5 (full 0):
 PSYoungGen      total 9216K, used 1024K [0x00000000f6180000, 0x00000000f7280000, 0x0000000100000000)
  eden space 8192K, 0% used [0x00000000f6180000,0x00000000f6180000,0x00000000f6980000)
  from space 1024K, 100% used [0x00000000f6980000,0x00000000f6a80000,0x00000000f6a80000)
  to   space 3584K, 0% used [0x00000000f6f00000,0x00000000f6f00000,0x00000000f7280000)
 ParOldGen       total 20480K, used 6367K [0x00000000e2400000, 0x00000000e3800000, 0x00000000f6180000)
  object space 20480K, 31% used [0x00000000e2400000,0x00000000e2a37ec0,0x00000000e3800000)
 Metaspace       used 11933K, capacity 12218K, committed 12544K, reserved 1060864K
  class space    used 1449K, capacity 1525K, committed 1536K, reserved 1048576K
}
Event: 92.325 GC heap before
{Heap before GC invocations=6 (full 0):
 PSYoungGen      total 9216K, used 9216K [0x00000000f6180000, 0x00000000f7280000, 0x0000000100000000)
  eden space 8192K, 100% used [0x00000000f6180000,0x00000000f6980000,0x00000000f6980000)
  from space 1024K, 100% used [0x00000000f6980000,0x00000000f6a80000,0x00000000f6a80000)
  to   space 3584K, 0% used [0x00000000f6f00000,0x00000000f6f00000,0x00000000f7280000)
 ParOldGen       total 20480K, used 6367K [0x00000000e2400000, 0x00000000e3800000, 0x00000000f6180000)
  object space 20480K, 31% used [0x00000000e2400000,0x00000000e2a37ec0,0x00000000e3800000)
 Metaspace       used 14152K, capacity 14832K, committed 15104K, reserved 1062912K
  class space    used 1805K, capacity 1988K, committed 2048K, reserved 1048576K
Event: 92.332 GC heap after
Heap after GC invocations=6 (full 0):
 PSYoungGen      total 10752K, used 2323K [0x00000000f6180000, 0x00000000f7180000, 0x0000000100000000)
  eden space 8192K, 0% used [0x00000000f6180000,0x00000000f6180000,0x00000000f6980000)
  from space 2560K, 90% used [0x00000000f6f00000,0x00000000f7144d88,0x00000000f7180000)
  to   space 3072K, 0% used [0x00000000f6b80000,0x00000000f6b80000,0x00000000f6e80000)
 ParOldGen       total 20480K, used 6375K [0x00000000e2400000, 0x00000000e3800000, 0x00000000f6180000)
  object space 20480K, 31% used [0x00000000e2400000,0x00000000e2a39ec0,0x00000000e3800000)
 Metaspace       used 14152K, capacity 14832K, committed 15104K, reserved 1062912K
  class space    used 1805K, capacity 1988K, committed 2048K, reserved 1048576K
}
Event: 97.878 GC heap before
{Heap before GC invocations=7 (full 0):
 PSYoungGen      total 10752K, used 10515K [0x00000000f6180000, 0x00000000f7180000, 0x0000000100000000)
  eden space 8192K, 100% used [0x00000000f6180000,0x00000000f6980000,0x00000000f6980000)
  from space 2560K, 90% used [0x00000000f6f00000,0x00000000f7144d88,0x00000000f7180000)
  to   space 3072K, 0% used [0x00000000f6b80000,0x00000000f6b80000,0x00000000f6e80000)
 ParOldGen       total 20480K, used 6375K [0x00000000e2400000, 0x00000000e3800000, 0x00000000f6180000)
  object space 20480K, 31% used [0x00000000e2400000,0x00000000e2a39ec0,0x00000000e3800000)
 Metaspace       used 15561K, capacity 16272K, committed 16384K, reserved 1062912K
  class space    used 2012K, capacity 2216K, committed 2304K, reserved 1048576K
Event: 97.892 GC heap after
Heap after GC invocations=7 (full 0):
 PSYoungGen      total 10752K, used 2303K [0x00000000f6180000, 0x00000000f6f80000, 0x0000000100000000)
  eden space 8192K, 0% used [0x00000000f6180000,0x00000000f6180000,0x00000000f6980000)
  from space 2560K, 89% used [0x00000000f6b80000,0x00000000f6dbfd30,0x00000000f6e00000)
  to   space 1536K, 0% used [0x00000000f6e00000,0x00000000f6e00000,0x00000000f6f80000)
 ParOldGen       total 20480K, used 6886K [0x00000000e2400000, 0x00000000e3800000, 0x00000000f6180000)
  object space 20480K, 33% used [0x00000000e2400000,0x00000000e2ab9880,0x00000000e3800000)
 Metaspace       used 15561K, capacity 16272K, committed 16384K, reserved 1062912K
  class space    used 2012K, capacity 2216K, committed 2304K, reserved 1048576K
}
Event: 105.158 GC heap before
{Heap before GC invocations=8 (full 0):
 PSYoungGen      total 10752K, used 10495K [0x00000000f6180000, 0x00000000f6f80000, 0x0000000100000000)
  eden space 8192K, 100% used [0x00000000f6180000,0x00000000f6980000,0x00000000f6980000)
  from space 2560K, 89% used [0x00000000f6b80000,0x00000000f6dbfd30,0x00000000f6e00000)
  to   space 1536K, 0% used [0x00000000f6e00000,0x00000000f6e00000,0x00000000f6f80000)
 ParOldGen       total 20480K, used 6886K [0x00000000e2400000, 0x00000000e3800000, 0x00000000f6180000)
  object space 20480K, 33% used [0x00000000e2400000,0x00000000e2ab9880,0x00000000e3800000)
 Metaspace       used 17011K, capacity 17758K, committed 17792K, reserved 1064960K
  class space    used 2224K, capacity 2411K, committed 2432K, reserved 1048576K
Event: 105.169 GC heap after
Heap after GC invocations=8 (full 0):
 PSYoungGen      total 9728K, used 1505K [0x00000000f6180000, 0x00000000f6f80000, 0x0000000100000000)
  eden space 8192K, 0% used [0x00000000f6180000,0x00000000f6180000,0x00000000f6980000)
  from space 1536K, 98% used [0x00000000f6e00000,0x00000000f6f78628,0x00000000f6f80000)
  to   space 3072K, 0% used [0x00000000f6980000,0x00000000f6980000,0x00000000f6c80000)
 ParOldGen       total 20480K, used 7756K [0x00000000e2400000, 0x00000000e3800000, 0x00000000f6180000)
  object space 20480K, 37% used [0x00000000e2400000,0x00000000e2b93050,0x00000000e3800000)
 Metaspace       used 17011K, capacity 17758K, committed 17792K, reserved 1064960K
  class space    used 2224K, capacity 2411K, committed 2432K, reserved 1048576K
}

